app/build/intermediates/manifest_merge_blame_file/debug/manifest-merger-blame-debug-report.txt
1<?xml version="1.0" encoding="utf-8"?>
2<manifest xmlns:android="http://schemas.android.com/apk/res/android"
3    package="com.study.mysololife"
4    android:versionCode="1"
5    android:versionName="1.0" >
6
7    <uses-sdk
8        android:minSdkVersion="24"
9        android:targetSdkVersion="34" />
10
11    <uses-permission android:name="android.permission.INTERNET" />
11-->src/main/AndroidManifest.xml:5:5-67
11-->src/main/AndroidManifest.xml:5:22-64
12    <uses-permission android:name="android.permission.READ_EXTERNAL_STORAGE" />
12-->src/main/AndroidManifest.xml:6:5-80
12-->src/main/AndroidManifest.xml:6:22-77
13
14    <!-- Although the *SdkVersion is captured in gradle build files, this is required for non gradle builds -->
15    <!-- <uses-sdk android:minSdkVersion="14"/> -->
16    <uses-permission android:name="android.permission.ACCESS_NETWORK_STATE" />
16-->[com.google.firebase:firebase-storage:20.3.0] AndroidManifest.xml:23:5-79
16-->[com.google.firebase:firebase-storage:20.3.0] AndroidManifest.xml:23:22-76
17    <uses-permission android:name="android.permission.WAKE_LOCK" />
17-->[com.google.android.gms:play-services-measurement-api:21.4.0] AndroidManifest.xml:24:5-68
17-->[com.google.android.gms:play-services-measurement-api:21.4.0] AndroidManifest.xml:24:22-65
18    <uses-permission android:name="com.google.android.gms.permission.AD_ID" />
18-->[com.google.android.gms:play-services-measurement-api:21.4.0] AndroidManifest.xml:25:5-79
18-->[com.google.android.gms:play-services-measurement-api:21.4.0] AndroidManifest.xml:25:22-76
19    <uses-permission android:name="com.google.android.finsky.permission.BIND_GET_INSTALL_REFERRER_SERVICE" />
19-->[com.google.android.gms:play-services-measurement:21.4.0] AndroidManifest.xml:26:5-110
19-->[com.google.android.gms:play-services-measurement:21.4.0] AndroidManifest.xml:26:22-107
20
21    <permission
21-->[androidx.core:core:1.9.0] AndroidManifest.xml:22:5-24:47
22        android:name="com.study.mysololife.DYNAMIC_RECEIVER_NOT_EXPORTED_PERMISSION"
22-->[androidx.core:core:1.9.0] AndroidManifest.xml:23:9-81
23        android:protectionLevel="signature" />
23-->[androidx.core:core:1.9.0] AndroidManifest.xml:24:9-44
24
25    <uses-permission android:name="com.study.mysololife.DYNAMIC_RECEIVER_NOT_EXPORTED_PERMISSION" />
25-->[androidx.core:core:1.9.0] AndroidManifest.xml:26:5-97
25-->[androidx.core:core:1.9.0] AndroidManifest.xml:26:22-94
26
27    <application
27-->src/main/AndroidManifest.xml:8:5-57:19
28        android:allowBackup="true"
28-->src/main/AndroidManifest.xml:9:9-35
29        android:appComponentFactory="androidx.core.app.CoreComponentFactory"
29-->[androidx.core:core:1.9.0] AndroidManifest.xml:28:18-86
30        android:dataExtractionRules="@xml/data_extraction_rules"
30-->src/main/AndroidManifest.xml:10:9-65
31        android:debuggable="true"
32        android:extractNativeLibs="false"
33        android:fullBackupContent="@xml/backup_rules"
33-->src/main/AndroidManifest.xml:11:9-54
34        android:icon="@mipmap/ic_launcher"
34-->src/main/AndroidManifest.xml:12:9-43
35        android:label="@string/app_name"
35-->src/main/AndroidManifest.xml:13:9-41
36        android:roundIcon="@mipmap/ic_launcher_round"
36-->src/main/AndroidManifest.xml:14:9-54
37        android:supportsRtl="true"
37-->src/main/AndroidManifest.xml:15:9-35
38        android:testOnly="true"
39        android:theme="@style/Theme.MySoloLife" >
39-->src/main/AndroidManifest.xml:16:9-48
40        <activity
40-->src/main/AndroidManifest.xml:18:9-20:40
41            android:name="com.study.mysololife.setting.SettingActivity"
41-->src/main/AndroidManifest.xml:19:13-52
42            android:exported="false" />
42-->src/main/AndroidManifest.xml:20:13-37
43        <activity
43-->src/main/AndroidManifest.xml:21:9-23:40
44            android:name="com.study.mysololife.board.BoardEditActivity"
44-->src/main/AndroidManifest.xml:22:13-52
45            android:exported="false" />
45-->src/main/AndroidManifest.xml:23:13-37
46        <activity
46-->src/main/AndroidManifest.xml:24:9-26:40
47            android:name="com.study.mysololife.board.BoardInsideActivity"
47-->src/main/AndroidManifest.xml:25:13-54
48            android:exported="false" />
48-->src/main/AndroidManifest.xml:26:13-37
49        <activity
49-->src/main/AndroidManifest.xml:27:9-29:40
50            android:name="com.study.mysololife.board.BoardWriteActivity"
50-->src/main/AndroidManifest.xml:28:13-53
51            android:exported="false" />
51-->src/main/AndroidManifest.xml:29:13-37
52        <activity
52-->src/main/AndroidManifest.xml:30:9-32:40
53            android:name="com.study.mysololife.contentsList.ContentShowActivity"
53-->src/main/AndroidManifest.xml:31:13-61
54            android:exported="false" />
54-->src/main/AndroidManifest.xml:32:13-37
55        <activity
55-->src/main/AndroidManifest.xml:33:9-35:40
56            android:name="com.study.mysololife.contentsList.ContentListActivity"
56-->src/main/AndroidManifest.xml:34:13-61
57            android:exported="false" />
57-->src/main/AndroidManifest.xml:35:13-37
58        <activity
58-->src/main/AndroidManifest.xml:36:9-38:40
59            android:name="com.study.mysololife.auth.JoinActivity"
59-->src/main/AndroidManifest.xml:37:13-46
60            android:exported="false" />
60-->src/main/AndroidManifest.xml:38:13-37
61        <activity
61-->src/main/AndroidManifest.xml:39:9-41:40
62            android:name="com.study.mysololife.auth.LoginActivity"
62-->src/main/AndroidManifest.xml:40:13-47
63            android:exported="false" />
63-->src/main/AndroidManifest.xml:41:13-37
64        <activity
64-->src/main/AndroidManifest.xml:42:9-44:40
65            android:name="com.study.mysololife.auth.IntroActivity"
65-->src/main/AndroidManifest.xml:43:13-47
66            android:exported="false" />
66-->src/main/AndroidManifest.xml:44:13-37
67        <activity
67-->src/main/AndroidManifest.xml:45:9-53:20
68            android:name="com.study.mysololife.SplashActivity"
68-->src/main/AndroidManifest.xml:46:13-43
69            android:exported="true" >
69-->src/main/AndroidManifest.xml:47:13-36
70            <intent-filter>
70-->src/main/AndroidManifest.xml:48:13-52:29
71                <action android:name="android.intent.action.MAIN" />
71-->src/main/AndroidManifest.xml:49:17-69
71-->src/main/AndroidManifest.xml:49:25-66
72
73                <category android:name="android.intent.category.LAUNCHER" />
73-->src/main/AndroidManifest.xml:51:17-77
73-->src/main/AndroidManifest.xml:51:27-74
74            </intent-filter>
75        </activity>
76        <activity
76-->src/main/AndroidManifest.xml:54:9-56:40
77            android:name="com.study.mysololife.MainActivity"
77-->src/main/AndroidManifest.xml:55:13-41
78            android:exported="false" />
78-->src/main/AndroidManifest.xml:56:13-37
79
80        <service
80-->[com.google.firebase:firebase-database-ktx:20.3.0] AndroidManifest.xml:9:9-15:19
81            android:name="com.google.firebase.components.ComponentDiscoveryService"
81-->[com.google.firebase:firebase-database-ktx:20.3.0] AndroidManifest.xml:10:13-84
82            android:directBootAware="true"
82-->[com.google.firebase:firebase-common:20.4.2] AndroidManifest.xml:32:13-43
83            android:exported="false" >
83-->[com.google.firebase:firebase-database-ktx:20.3.0] AndroidManifest.xml:11:13-37
84            <meta-data
84-->[com.google.firebase:firebase-database-ktx:20.3.0] AndroidManifest.xml:12:13-14:85
85                android:name="com.google.firebase.components:com.google.firebase.database.ktx.FirebaseDatabaseLegacyRegistrar"
85-->[com.google.firebase:firebase-database-ktx:20.3.0] AndroidManifest.xml:13:17-127
86                android:value="com.google.firebase.components.ComponentRegistrar" />
86-->[com.google.firebase:firebase-database-ktx:20.3.0] AndroidManifest.xml:14:17-82
87            <meta-data
87-->[com.google.firebase:firebase-auth-ktx:22.2.0] AndroidManifest.xml:11:13-13:85
88                android:name="com.google.firebase.components:com.google.firebase.auth.ktx.FirebaseAuthLegacyRegistrar"
88-->[com.google.firebase:firebase-auth-ktx:22.2.0] AndroidManifest.xml:12:17-119
89                android:value="com.google.firebase.components.ComponentRegistrar" />
89-->[com.google.firebase:firebase-auth-ktx:22.2.0] AndroidManifest.xml:13:17-82
90            <meta-data
90-->[com.google.firebase:firebase-storage:20.3.0] AndroidManifest.xml:30:13-32:85
91                android:name="com.google.firebase.components:com.google.firebase.storage.FirebaseStorageKtxRegistrar"
91-->[com.google.firebase:firebase-storage:20.3.0] AndroidManifest.xml:31:17-118
92                android:value="com.google.firebase.components.ComponentRegistrar" />
92-->[com.google.firebase:firebase-storage:20.3.0] AndroidManifest.xml:32:17-82
93            <meta-data
93-->[com.google.firebase:firebase-storage:20.3.0] AndroidManifest.xml:33:13-35:85
94                android:name="com.google.firebase.components:com.google.firebase.storage.StorageRegistrar"
94-->[com.google.firebase:firebase-storage:20.3.0] AndroidManifest.xml:34:17-107
95                android:value="com.google.firebase.components.ComponentRegistrar" />
95-->[com.google.firebase:firebase-storage:20.3.0] AndroidManifest.xml:35:17-82
96            <meta-data
96-->[com.google.firebase:firebase-database:20.3.0] AndroidManifest.xml:29:13-31:85
97                android:name="com.google.firebase.components:com.google.firebase.database.FirebaseDatabaseKtxRegistrar"
97-->[com.google.firebase:firebase-database:20.3.0] AndroidManifest.xml:30:17-120
98                android:value="com.google.firebase.components.ComponentRegistrar" />
98-->[com.google.firebase:firebase-database:20.3.0] AndroidManifest.xml:31:17-82
99            <meta-data
99-->[com.google.firebase:firebase-database:20.3.0] AndroidManifest.xml:32:13-34:85
100                android:name="com.google.firebase.components:com.google.firebase.database.DatabaseRegistrar"
100-->[com.google.firebase:firebase-database:20.3.0] AndroidManifest.xml:33:17-109
101                android:value="com.google.firebase.components.ComponentRegistrar" />
101-->[com.google.firebase:firebase-database:20.3.0] AndroidManifest.xml:34:17-82
102            <meta-data
102-->[com.google.firebase:firebase-auth:22.2.0] AndroidManifest.xml:69:13-71:85
103                android:name="com.google.firebase.components:com.google.firebase.auth.FirebaseAuthRegistrar"
103-->[com.google.firebase:firebase-auth:22.2.0] AndroidManifest.xml:70:17-109
104                android:value="com.google.firebase.components.ComponentRegistrar" />
104-->[com.google.firebase:firebase-auth:22.2.0] AndroidManifest.xml:71:17-82
105            <meta-data
105-->[com.google.firebase:firebase-appcheck:17.1.0] AndroidManifest.xml:25:13-27:85
106                android:name="com.google.firebase.components:com.google.firebase.appcheck.FirebaseAppCheckKtxRegistrar"
106-->[com.google.firebase:firebase-appcheck:17.1.0] AndroidManifest.xml:26:17-120
107                android:value="com.google.firebase.components.ComponentRegistrar" />
107-->[com.google.firebase:firebase-appcheck:17.1.0] AndroidManifest.xml:27:17-82
108            <meta-data
108-->[com.google.firebase:firebase-appcheck:17.1.0] AndroidManifest.xml:28:13-30:85
109                android:name="com.google.firebase.components:com.google.firebase.appcheck.FirebaseAppCheckRegistrar"
109-->[com.google.firebase:firebase-appcheck:17.1.0] AndroidManifest.xml:29:17-117
110                android:value="com.google.firebase.components.ComponentRegistrar" />
110-->[com.google.firebase:firebase-appcheck:17.1.0] AndroidManifest.xml:30:17-82
111            <meta-data
111-->[com.google.firebase:firebase-analytics-ktx:21.4.0] AndroidManifest.xml:11:13-13:85
112                android:name="com.google.firebase.components:com.google.firebase.analytics.ktx.FirebaseAnalyticsLegacyRegistrar"
112-->[com.google.firebase:firebase-analytics-ktx:21.4.0] AndroidManifest.xml:12:17-129
113                android:value="com.google.firebase.components.ComponentRegistrar" />
113-->[com.google.firebase:firebase-analytics-ktx:21.4.0] AndroidManifest.xml:13:17-82
114            <meta-data
114-->[com.google.android.gms:play-services-measurement-api:21.4.0] AndroidManifest.xml:31:13-33:85
115                android:name="com.google.firebase.components:com.google.firebase.analytics.connector.internal.AnalyticsConnectorRegistrar"
115-->[com.google.android.gms:play-services-measurement-api:21.4.0] AndroidManifest.xml:32:17-139
116                android:value="com.google.firebase.components.ComponentRegistrar" />
116-->[com.google.android.gms:play-services-measurement-api:21.4.0] AndroidManifest.xml:33:17-82
117            <meta-data
117-->[com.google.firebase:firebase-installations:17.2.0] AndroidManifest.xml:15:13-17:85
118                android:name="com.google.firebase.components:com.google.firebase.installations.FirebaseInstallationsKtxRegistrar"
118-->[com.google.firebase:firebase-installations:17.2.0] AndroidManifest.xml:16:17-130
119                android:value="com.google.firebase.components.ComponentRegistrar" />
119-->[com.google.firebase:firebase-installations:17.2.0] AndroidManifest.xml:17:17-82
120            <meta-data
120-->[com.google.firebase:firebase-installations:17.2.0] AndroidManifest.xml:18:13-20:85
121                android:name="com.google.firebase.components:com.google.firebase.installations.FirebaseInstallationsRegistrar"
121-->[com.google.firebase:firebase-installations:17.2.0] AndroidManifest.xml:19:17-127
122                android:value="com.google.firebase.components.ComponentRegistrar" />
122-->[com.google.firebase:firebase-installations:17.2.0] AndroidManifest.xml:20:17-82
123            <meta-data
123-->[com.google.firebase:firebase-common-ktx:20.4.2] AndroidManifest.xml:12:13-14:85
124                android:name="com.google.firebase.components:com.google.firebase.ktx.FirebaseCommonLegacyRegistrar"
124-->[com.google.firebase:firebase-common-ktx:20.4.2] AndroidManifest.xml:13:17-116
125                android:value="com.google.firebase.components.ComponentRegistrar" />
125-->[com.google.firebase:firebase-common-ktx:20.4.2] AndroidManifest.xml:14:17-82
126            <meta-data
126-->[com.google.firebase:firebase-common:20.4.2] AndroidManifest.xml:35:13-37:85
127                android:name="com.google.firebase.components:com.google.firebase.FirebaseCommonKtxRegistrar"
127-->[com.google.firebase:firebase-common:20.4.2] AndroidManifest.xml:36:17-109
128                android:value="com.google.firebase.components.ComponentRegistrar" />
128-->[com.google.firebase:firebase-common:20.4.2] AndroidManifest.xml:37:17-82
129        </service>
130
131        <activity
131-->[com.google.firebase:firebase-auth:22.2.0] AndroidManifest.xml:29:9-46:20
132            android:name="com.google.firebase.auth.internal.GenericIdpActivity"
132-->[com.google.firebase:firebase-auth:22.2.0] AndroidManifest.xml:30:13-80
133            android:excludeFromRecents="true"
133-->[com.google.firebase:firebase-auth:22.2.0] AndroidManifest.xml:31:13-46
134            android:exported="true"
134-->[com.google.firebase:firebase-auth:22.2.0] AndroidManifest.xml:32:13-36
135            android:launchMode="singleTask"
135-->[com.google.firebase:firebase-auth:22.2.0] AndroidManifest.xml:33:13-44
136            android:theme="@android:style/Theme.Translucent.NoTitleBar" >
136-->[com.google.firebase:firebase-auth:22.2.0] AndroidManifest.xml:34:13-72
137            <intent-filter>
137-->[com.google.firebase:firebase-auth:22.2.0] AndroidManifest.xml:35:13-45:29
138                <action android:name="android.intent.action.VIEW" />
138-->[com.google.firebase:firebase-auth:22.2.0] AndroidManifest.xml:36:17-69
138-->[com.google.firebase:firebase-auth:22.2.0] AndroidManifest.xml:36:25-66
139
140                <category android:name="android.intent.category.DEFAULT" />
140-->[com.google.firebase:firebase-auth:22.2.0] AndroidManifest.xml:38:17-76
140-->[com.google.firebase:firebase-auth:22.2.0] AndroidManifest.xml:38:27-73
141                <category android:name="android.intent.category.BROWSABLE" />
141-->[com.google.firebase:firebase-auth:22.2.0] AndroidManifest.xml:39:17-78
141-->[com.google.firebase:firebase-auth:22.2.0] AndroidManifest.xml:39:27-75
142
143                <data
143-->[com.google.firebase:firebase-auth:22.2.0] AndroidManifest.xml:41:17-44:51
144                    android:host="firebase.auth"
144-->[com.google.firebase:firebase-auth:22.2.0] AndroidManifest.xml:42:21-49
145                    android:path="/"
145-->[com.google.firebase:firebase-auth:22.2.0] AndroidManifest.xml:43:21-37
146                    android:scheme="genericidp" />
146-->[com.google.firebase:firebase-auth:22.2.0] AndroidManifest.xml:44:21-48
147            </intent-filter>
148        </activity>
149        <activity
149-->[com.google.firebase:firebase-auth:22.2.0] AndroidManifest.xml:47:9-64:20
150            android:name="com.google.firebase.auth.internal.RecaptchaActivity"
150-->[com.google.firebase:firebase-auth:22.2.0] AndroidManifest.xml:48:13-79
151            android:excludeFromRecents="true"
151-->[com.google.firebase:firebase-auth:22.2.0] AndroidManifest.xml:49:13-46
152            android:exported="true"
152-->[com.google.firebase:firebase-auth:22.2.0] AndroidManifest.xml:50:13-36
153            android:launchMode="singleTask"
153-->[com.google.firebase:firebase-auth:22.2.0] AndroidManifest.xml:51:13-44
154            android:theme="@android:style/Theme.Translucent.NoTitleBar" >
154-->[com.google.firebase:firebase-auth:22.2.0] AndroidManifest.xml:52:13-72
155            <intent-filter>
155-->[com.google.firebase:firebase-auth:22.2.0] AndroidManifest.xml:53:13-63:29
156                <action android:name="android.intent.action.VIEW" />
156-->[com.google.firebase:firebase-auth:22.2.0] AndroidManifest.xml:36:17-69
156-->[com.google.firebase:firebase-auth:22.2.0] AndroidManifest.xml:36:25-66
157
158                <category android:name="android.intent.category.DEFAULT" />
158-->[com.google.firebase:firebase-auth:22.2.0] AndroidManifest.xml:38:17-76
158-->[com.google.firebase:firebase-auth:22.2.0] AndroidManifest.xml:38:27-73
159                <category android:name="android.intent.category.BROWSABLE" />
159-->[com.google.firebase:firebase-auth:22.2.0] AndroidManifest.xml:39:17-78
159-->[com.google.firebase:firebase-auth:22.2.0] AndroidManifest.xml:39:27-75
160
161                <data
161-->[com.google.firebase:firebase-auth:22.2.0] AndroidManifest.xml:41:17-44:51
162                    android:host="firebase.auth"
162-->[com.google.firebase:firebase-auth:22.2.0] AndroidManifest.xml:42:21-49
163                    android:path="/"
163-->[com.google.firebase:firebase-auth:22.2.0] AndroidManifest.xml:43:21-37
164                    android:scheme="recaptcha" />
164-->[com.google.firebase:firebase-auth:22.2.0] AndroidManifest.xml:44:21-48
165            </intent-filter>
166        </activity>
167
168        <receiver
168-->[com.google.android.gms:play-services-measurement:21.4.0] AndroidManifest.xml:29:9-33:20
169            android:name="com.google.android.gms.measurement.AppMeasurementReceiver"
169-->[com.google.android.gms:play-services-measurement:21.4.0] AndroidManifest.xml:30:13-85
170            android:enabled="true"
170-->[com.google.android.gms:play-services-measurement:21.4.0] AndroidManifest.xml:31:13-35
171            android:exported="false" >
171-->[com.google.android.gms:play-services-measurement:21.4.0] AndroidManifest.xml:32:13-37
172        </receiver>
173
174        <service
174-->[com.google.android.gms:play-services-measurement:21.4.0] AndroidManifest.xml:35:9-38:40
175            android:name="com.google.android.gms.measurement.AppMeasurementService"
175-->[com.google.android.gms:play-services-measurement:21.4.0] AndroidManifest.xml:36:13-84
176            android:enabled="true"
176-->[com.google.android.gms:play-services-measurement:21.4.0] AndroidManifest.xml:37:13-35
177            android:exported="false" />
177-->[com.google.android.gms:play-services-measurement:21.4.0] AndroidManifest.xml:38:13-37
178        <service
178-->[com.google.android.gms:play-services-measurement:21.4.0] AndroidManifest.xml:39:9-43:72
179            android:name="com.google.android.gms.measurement.AppMeasurementJobService"
179-->[com.google.android.gms:play-services-measurement:21.4.0] AndroidManifest.xml:40:13-87
180            android:enabled="true"
180-->[com.google.android.gms:play-services-measurement:21.4.0] AndroidManifest.xml:41:13-35
181            android:exported="false"
181-->[com.google.android.gms:play-services-measurement:21.4.0] AndroidManifest.xml:42:13-37
182            android:permission="android.permission.BIND_JOB_SERVICE" />
182-->[com.google.android.gms:play-services-measurement:21.4.0] AndroidManifest.xml:43:13-69
183
184        <uses-library
184-->[androidx.privacysandbox.ads:ads-adservices:1.0.0-beta05] AndroidManifest.xml:23:9-25:40
185            android:name="android.ext.adservices"
185-->[androidx.privacysandbox.ads:ads-adservices:1.0.0-beta05] AndroidManifest.xml:24:13-50
186            android:required="false" />
186-->[androidx.privacysandbox.ads:ads-adservices:1.0.0-beta05] AndroidManifest.xml:25:13-37
187
188        <provider
188-->[com.google.firebase:firebase-common:20.4.2] AndroidManifest.xml:23:9-28:39
189            android:name="com.google.firebase.provider.FirebaseInitProvider"
189-->[com.google.firebase:firebase-common:20.4.2] AndroidManifest.xml:24:13-77
190            android:authorities="com.study.mysololife.firebaseinitprovider"
190-->[com.google.firebase:firebase-common:20.4.2] AndroidManifest.xml:25:13-72
191            android:directBootAware="true"
191-->[com.google.firebase:firebase-common:20.4.2] AndroidManifest.xml:26:13-43
192            android:exported="false"
192-->[com.google.firebase:firebase-common:20.4.2] AndroidManifest.xml:27:13-37
193            android:initOrder="100" />
193-->[com.google.firebase:firebase-common:20.4.2] AndroidManifest.xml:28:13-36
194
195        <activity
195-->[com.google.android.gms:play-services-base:18.1.0] AndroidManifest.xml:20:9-22:45
196            android:name="com.google.android.gms.common.api.GoogleApiActivity"
196-->[com.google.android.gms:play-services-base:18.1.0] AndroidManifest.xml:20:19-85
197            android:exported="false"
197-->[com.google.android.gms:play-services-base:18.1.0] AndroidManifest.xml:22:19-43
198            android:theme="@android:style/Theme.Translucent.NoTitleBar" />
198-->[com.google.android.gms:play-services-base:18.1.0] AndroidManifest.xml:21:19-78
199
200        <meta-data
200-->[com.google.android.gms:play-services-basement:18.1.0] AndroidManifest.xml:21:9-23:69
201            android:name="com.google.android.gms.version"
201-->[com.google.android.gms:play-services-basement:18.1.0] AndroidManifest.xml:22:13-58
202            android:value="@integer/google_play_services_version" />
202-->[com.google.android.gms:play-services-basement:18.1.0] AndroidManifest.xml:23:13-66
203
204        <provider
204-->[androidx.emoji2:emoji2:1.2.0] AndroidManifest.xml:24:9-32:20
205            android:name="androidx.startup.InitializationProvider"
205-->[androidx.emoji2:emoji2:1.2.0] AndroidManifest.xml:25:13-67
206            android:authorities="com.study.mysololife.androidx-startup"
206-->[androidx.emoji2:emoji2:1.2.0] AndroidManifest.xml:26:13-68
207            android:exported="false" >
207-->[androidx.emoji2:emoji2:1.2.0] AndroidManifest.xml:27:13-37
208            <meta-data
208-->[androidx.emoji2:emoji2:1.2.0] AndroidManifest.xml:29:13-31:52
209                android:name="androidx.emoji2.text.EmojiCompatInitializer"
209-->[androidx.emoji2:emoji2:1.2.0] AndroidManifest.xml:30:17-75
210                android:value="androidx.startup" />
210-->[androidx.emoji2:emoji2:1.2.0] AndroidManifest.xml:31:17-49
211            <meta-data
211-->[androidx.lifecycle:lifecycle-process:2.6.2] AndroidManifest.xml:29:13-31:52
212                android:name="androidx.lifecycle.ProcessLifecycleInitializer"
212-->[androidx.lifecycle:lifecycle-process:2.6.2] AndroidManifest.xml:30:17-78
213                android:value="androidx.startup" />
213-->[androidx.lifecycle:lifecycle-process:2.6.2] AndroidManifest.xml:31:17-49
214            <meta-data
214-->[androidx.profileinstaller:profileinstaller:1.3.0] AndroidManifest.xml:29:13-31:52
215                android:name="androidx.profileinstaller.ProfileInstallerInitializer"
215-->[androidx.profileinstaller:profileinstaller:1.3.0] AndroidManifest.xml:30:17-85
216                android:value="androidx.startup" />
216-->[androidx.profileinstaller:profileinstaller:1.3.0] AndroidManifest.xml:31:17-49
217        </provider>
218
219        <uses-library
219-->[androidx.window:window:1.0.0] AndroidManifest.xml:25:9-27:40
220            android:name="androidx.window.extensions"
220-->[androidx.window:window:1.0.0] AndroidManifest.xml:26:13-54
221            android:required="false" />
221-->[androidx.window:window:1.0.0] AndroidManifest.xml:27:13-37
222        <uses-library
222-->[androidx.window:window:1.0.0] AndroidManifest.xml:28:9-30:40
223            android:name="androidx.window.sidecar"
223-->[androidx.window:window:1.0.0] AndroidManifest.xml:29:13-51
224            android:required="false" />
224-->[androidx.window:window:1.0.0] AndroidManifest.xml:30:13-37
225
226        <receiver
226-->[androidx.profileinstaller:profileinstaller:1.3.0] AndroidManifest.xml:34:9-52:20
227            android:name="androidx.profileinstaller.ProfileInstallReceiver"
227-->[androidx.profileinstaller:profileinstaller:1.3.0] AndroidManifest.xml:35:13-76
228            android:directBootAware="false"
228-->[androidx.profileinstaller:profileinstaller:1.3.0] AndroidManifest.xml:36:13-44
229            android:enabled="true"
229-->[androidx.profileinstaller:profileinstaller:1.3.0] AndroidManifest.xml:37:13-35
230            android:exported="true"
230-->[androidx.profileinstaller:profileinstaller:1.3.0] AndroidManifest.xml:38:13-36
231            android:permission="android.permission.DUMP" >
231-->[androidx.profileinstaller:profileinstaller:1.3.0] AndroidManifest.xml:39:13-57
232            <intent-filter>
232-->[androidx.profileinstaller:profileinstaller:1.3.0] AndroidManifest.xml:40:13-42:29
233                <action android:name="androidx.profileinstaller.action.INSTALL_PROFILE" />
233-->[androidx.profileinstaller:profileinstaller:1.3.0] AndroidManifest.xml:41:17-91
233-->[androidx.profileinstaller:profileinstaller:1.3.0] AndroidManifest.xml:41:25-88
234            </intent-filter>
235            <intent-filter>
235-->[androidx.profileinstaller:profileinstaller:1.3.0] AndroidManifest.xml:43:13-45:29
236                <action android:name="androidx.profileinstaller.action.SKIP_FILE" />
236-->[androidx.profileinstaller:profileinstaller:1.3.0] AndroidManifest.xml:44:17-85
236-->[androidx.profileinstaller:profileinstaller:1.3.0] AndroidManifest.xml:44:25-82
237            </intent-filter>
238            <intent-filter>
238-->[androidx.profileinstaller:profileinstaller:1.3.0] AndroidManifest.xml:46:13-48:29
239                <action android:name="androidx.profileinstaller.action.SAVE_PROFILE" />
239-->[androidx.profileinstaller:profileinstaller:1.3.0] AndroidManifest.xml:47:17-88
239-->[androidx.profileinstaller:profileinstaller:1.3.0] AndroidManifest.xml:47:25-85
240            </intent-filter>
241            <intent-filter>
241-->[androidx.profileinstaller:profileinstaller:1.3.0] AndroidManifest.xml:49:13-51:29
242                <action android:name="androidx.profileinstaller.action.BENCHMARK_OPERATION" />
242-->[androidx.profileinstaller:profileinstaller:1.3.0] AndroidManifest.xml:50:17-95
242-->[androidx.profileinstaller:profileinstaller:1.3.0] AndroidManifest.xml:50:25-92
243            </intent-filter>
244        </receiver>
245    </application>
246
247</manifest>